<?xml version="1.0" encoding="utf-8"?><testsuites name="pytest tests"><testsuite name="pytest" errors="0" failures="0" skipped="0" tests="19" time="151.854" timestamp="2026-04-17T14:44:03.775234+00:00" hostname="agent-env-a54dc786-2dc4-44bb-b6d8-74104c618e8f"><testcase classname="backend.tests.test_college_admission_api.TestHealthEndpoint" name="test_health_returns_200" time="0.173" /><testcase classname="backend.tests.test_college_admission_api.TestRecommendationsEndpoint" name="test_recommendations_returns_200" time="16.820" /><testcase classname="backend.tests.test_college_admission_api.TestRecommendationsEndpoint" name="test_recommendations_has_probability_scores" time="16.763" /><testcase classname="backend.tests.test_college_admission_api.TestRecommendationsEndpoint" name="test_recommendations_summary_counts" time="15.121" /><testcase classname="backend.tests.test_college_admission_api.TestRecommendationsEndpoint" name="test_recommendations_with_high_rank" time="15.263" /><testcase classname="backend.tests.test_college_admission_api.TestRecommendationsEndpoint" name="test_recommendations_with_obc_category" time="53.893" /><testcase classname="backend.tests.test_college_admission_api.TestCollegeSearchEndpoint" name="test_search_returns_200" time="0.193" /><testcase classname="backend.tests.test_college_admission_api.TestCollegeSearchEndpoint" name="test_search_by_name" time="0.115" /><testcase classname="backend.tests.test_college_admission_api.TestCollegeSearchEndpoint" name="test_search_by_location" time="0.124" /><testcase classname="backend.tests.test_college_admission_api.TestCollegeSearchEndpoint" name="test_search_by_branch" time="0.180" /><testcase classname="backend.tests.test_college_admission_api.TestCompareEndpoint" name="test_compare_requires_college_ids" time="0.224" /><testcase classname="backend.tests.test_college_admission_api.TestCompareEndpoint" name="test_compare_returns_college_details" time="0.258" /><testcase classname="backend.tests.test_college_admission_api.TestWishlistEndpoints" name="test_add_to_wishlist" time="0.267" /><testcase classname="backend.tests.test_college_admission_api.TestWishlistEndpoints" name="test_get_wishlist" time="0.132" /><testcase classname="backend.tests.test_college_admission_api.TestWishlistEndpoints" name="test_remove_from_wishlist" time="0.227" /><testcase classname="backend.tests.test_college_admission_api.TestChatEndpoint" name="test_chat_returns_response" time="9.300" /><testcase classname="backend.tests.test_college_admission_api.TestChatEndpoint" name="test_chat_without_profile" time="12.861" /><testcase classname="backend.tests.test_college_admission_api.TestBranchRoadmapEndpoint" name="test_branch_roadmap_returns_200" time="4.630" /><testcase classname="backend.tests.test_college_admission_api.TestBranchRoadmapEndpoint" name="test_branch_roadmap_content" time="5.172" /></testsuite></testsuites>