<?xml version="1.0" encoding="utf-8"?><testsuites name="pytest tests"><testsuite name="pytest" errors="0" failures="0" skipped="0" tests="26" time="200.022" timestamp="2026-04-17T15:06:11.411430+00:00" hostname="agent-env-a54dc786-2dc4-44bb-b6d8-74104c618e8f"><testcase classname="backend.tests.test_college_admission_api.TestHealthEndpoint" name="test_health_returns_200" time="0.210" /><testcase classname="backend.tests.test_college_admission_api.TestRecommendationsJEE" name="test_jee_recommendations_returns_200" time="15.792" /><testcase classname="backend.tests.test_college_admission_api.TestRecommendationsJEE" name="test_jee_returns_only_iit_nit_iiit" time="19.669" /><testcase classname="backend.tests.test_college_admission_api.TestRecommendationsJEE" name="test_jee_has_probability_scores" time="16.210" /><testcase classname="backend.tests.test_college_admission_api.TestRecommendationsJEE" name="test_jee_summary_counts" time="18.252" /><testcase classname="backend.tests.test_college_admission_api.TestRecommendationsEAMCET" name="test_eamcet_recommendations_returns_200" time="17.007" /><testcase classname="backend.tests.test_college_admission_api.TestRecommendationsEAMCET" name="test_eamcet_returns_only_eamcet_colleges" time="17.356" /><testcase classname="backend.tests.test_college_admission_api.TestRecommendationsEAMCET" name="test_eamcet_includes_known_colleges" time="15.183" /><testcase classname="backend.tests.test_college_admission_api.TestRecommendationsEAMCET" name="test_eamcet_has_probability_scores" time="15.056" /><testcase classname="backend.tests.test_college_admission_api.TestCollegeSearchEndpoint" name="test_search_returns_200" time="0.149" /><testcase classname="backend.tests.test_college_admission_api.TestCollegeSearchEndpoint" name="test_search_returns_60_colleges" time="0.132" /><testcase classname="backend.tests.test_college_admission_api.TestCollegeSearchEndpoint" name="test_search_by_name_iit" time="0.153" /><testcase classname="backend.tests.test_college_admission_api.TestCollegeSearchEndpoint" name="test_search_by_name_eamcet_college" time="0.116" /><testcase classname="backend.tests.test_college_admission_api.TestCollegeSearchEndpoint" name="test_search_by_location" time="0.102" /><testcase classname="backend.tests.test_college_admission_api.TestCollegeSearchEndpoint" name="test_search_by_branch" time="0.125" /><testcase classname="backend.tests.test_college_admission_api.TestCompareEndpoint" name="test_compare_requires_college_ids" time="0.271" /><testcase classname="backend.tests.test_college_admission_api.TestCompareEndpoint" name="test_compare_returns_college_details" time="0.288" /><testcase classname="backend.tests.test_college_admission_api.TestWishlistEndpoints" name="test_add_to_wishlist" time="0.231" /><testcase classname="backend.tests.test_college_admission_api.TestWishlistEndpoints" name="test_get_wishlist" time="0.156" /><testcase classname="backend.tests.test_college_admission_api.TestWishlistEndpoints" name="test_remove_from_wishlist" time="0.255" /><testcase classname="backend.tests.test_college_admission_api.TestChatEndpoint" name="test_chat_returns_response" time="9.311" /><testcase classname="backend.tests.test_college_admission_api.TestChatEndpoint" name="test_chat_without_profile" time="12.280" /><testcase classname="backend.tests.test_college_admission_api.TestBranchRoadmapEndpoint" name="test_branch_roadmap_returns_200" time="4.108" /><testcase classname="backend.tests.test_college_admission_api.TestBranchRoadmapEndpoint" name="test_branch_roadmap_content" time="4.589" /><testcase classname="backend.tests.test_college_admission_api.TestHistoricalTrendData" name="test_recommendations_include_historical_trend" time="15.755" /><testcase classname="backend.tests.test_college_admission_api.TestHistoricalTrendData" name="test_recommendations_include_predicted_cutoff" time="17.118" /></testsuite></testsuites>